<?xml version="1.0" encoding="UTF-8"?>
<!-- Generated by org.testng.reporters.JUnitReportReporter -->
<testsuite skipped="0" hostname="DESKTOP-JBF6JAC" name="seleniumTest.SalesForce" tests="1" failures="0" timestamp="08 Apr 2019 10:19:52 GMT" time="9.053" errors="0">
  <testcase name="Login" time="9.053" classname="seleniumTest.SalesForce"/>
</testsuite> <!-- seleniumTest.SalesForce -->
