<?xml version="1.0" encoding="UTF-8"?>
<!-- Generated by org.testng.reporters.JUnitReportReporter -->
<testsuite hostname="DESKTOP-JBF6JAC" failures="0" tests="2" name="seleniumTest.Demo2Test" time="0.013" errors="0" timestamp="03 Apr 2019 17:10:01 GMT" skipped="0">
  <testcase classname="seleniumTest.Demo2Test" name="DemoB" time="0.013"/>
  <testcase classname="seleniumTest.Demo2Test" name="DemoB1" time="0.000"/>
</testsuite> <!-- seleniumTest.Demo2Test -->
